This is pdfTeX, Version 3.1415926-2.3-1.40.12 (MiKTeX 2.9) (preloaded format=latex 2021.5.4)  22 MAY 2021 17:12
entering extended mode
**180901001è–„æ°¸è¾‰.tex
(C:\PhD_thesis_CH\180901001è–„æ°¸è¾‰.tex
LaTeX2e <2011/06/27>
Babel <v3.8m> and hyphenation patterns for loaded.
("C:\Program Files (x86)\CTEX\MiKTeX\tex\latex\base\report.cls"
Document Class: report 2007/10/19 v1.4h Standard LaTeX document class
("C:\Program Files (x86)\CTEX\MiKTeX\tex\latex\base\size12.clo"
File: size12.clo 2007/10/19 v1.4h Standard LaTeX file (size option)
)
\c@part=\count79
\c@chapter=\count80
\c@section=\count81
\c@subsection=\count82
\c@subsubsection=\count83
\c@paragraph=\count84
\c@subparagraph=\count85
\c@figure=\count86
\c@table=\count87
\abovecaptionskip=\skip41
\belowcaptionskip=\skip42
\bibindent=\dimen102
)
(C:\PhD_thesis_CH\Setup/Packages.tex
("C:\Program Files (x86)\CTEX\MiKTeX\tex\generic\oberdiek\ifpdf.sty"
Package: ifpdf 2011/01/30 v2.3 Provides the ifpdf switch (HO)
Package ifpdf Info: pdfTeX in PDF mode is not detected.
)
("C:\Program Files (x86)\CTEX\MiKTeX\tex\latex\hyperref\hyperref.sty"
Package: hyperref 2012/02/06 v6.82o Hypertext links for LaTeX

("C:\Program Files (x86)\CTEX\MiKTeX\tex\generic\oberdiek\hobsub-hyperref.sty"
Package: hobsub-hyperref 2011/04/23 v1.4 Bundle oberdiek, subset hyperref (HO)

("C:\Program Files (x86)\CTEX\MiKTeX\tex\generic\oberdiek\hobsub-generic.sty"
Package: hobsub-generic 2011/04/23 v1.4 Bundle oberdiek, subset generic (HO)
Package: hobsub 2011/04/23 v1.4 Subsetting bundle oberdiek (HO)
Package: infwarerr 2010/04/08 v1.3 Providing info/warning/message (HO)
Package: ltxcmds 2011/04/18 v1.20 LaTeX kernel commands for general use (HO)
Package: ifluatex 2010/03/01 v1.3 Provides the ifluatex switch (HO)
Package ifluatex Info: LuaTeX not detected.
Package: ifvtex 2010/03/01 v1.5 Switches for detecting VTeX and its modes (HO)
Package ifvtex Info: VTeX not detected.
Package: intcalc 2007/09/27 v1.1 Expandable integer calculations (HO)
Package hobsub Info: Skipping package `ifpdf' (already loaded).
Package: etexcmds 2011/02/16 v1.5 Prefix for e-TeX command names (HO)
Package etexcmds Info: Could not find \expanded.
(etexcmds)             That can mean that you are not using pdfTeX 1.50 or
(etexcmds)             that some package has redefined \expanded.
(etexcmds)             In the latter case, load this package earlier.
Package: kvsetkeys 2011/04/07 v1.13 Key value parser (HO)
Package: kvdefinekeys 2011/04/07 v1.3 Defining keys (HO)
Package: pdftexcmds 2011/04/22 v0.16 Utilities of pdfTeX for LuaTeX (HO)
Package pdftexcmds Info: LuaTeX not detected.
Package pdftexcmds Info: \pdf@primitive is available.
Package pdftexcmds Info: \pdf@ifprimitive is available.
Package pdftexcmds Info: \pdfdraftmode is ignored in DVI mode.
Package: pdfescape 2011/04/04 v1.12 Provides string conversions (HO)
Package: bigintcalc 2011/01/30 v1.2 Expandable big integer calculations (HO)
Package: bitset 2011/01/30 v1.1 Data type bit set (HO)
Package: uniquecounter 2011/01/30 v1.2 Provides unlimited unique counter (HO)
)
Package hobsub Info: Skipping package `hobsub' (already loaded).
Package: letltxmacro 2010/09/02 v1.4 Let assignment for LaTeX macros (HO)
Package: hopatch 2011/01/30 v1.0 Wrapper for package hooks (HO)
Package: xcolor-patch 2011/01/30 xcolor patch
Package: atveryend 2011/04/23 v1.7 Hooks at very end of document (HO)
Package: atbegshi 2011/01/30 v1.15 At begin shipout hook (HO)
Package: refcount 2010/12/01 v3.2 Data extraction from references (HO)
Package: hycolor 2011/01/30 v1.7 Color options of hyperref/bookmark (HO)
) ("C:\Program Files (x86)\CTEX\MiKTeX\tex\latex\graphics\keyval.sty"
Package: keyval 1999/03/16 v1.13 key=value parser (DPC)
\KV@toks@=\toks14
)
("C:\Program Files (x86)\CTEX\MiKTeX\tex\generic\ifxetex\ifxetex.sty"
Package: ifxetex 2010/09/12 v0.6 Provides ifxetex conditional
)
("C:\Program Files (x86)\CTEX\MiKTeX\tex\latex\oberdiek\kvoptions.sty"
Package: kvoptions 2010/12/23 v3.10 Keyval support for LaTeX options (HO)
)
\@linkdim=\dimen103
\Hy@linkcounter=\count88
\Hy@pagecounter=\count89

("C:\Program Files (x86)\CTEX\MiKTeX\tex\latex\hyperref\pd1enc.def"
File: pd1enc.def 2012/02/06 v6.82o Hyperref: PDFDocEncoding definition (HO)
)
\Hy@SavedSpaceFactor=\count90

("C:\Program Files (x86)\CTEX\MiKTeX\tex\latex\00miktex\hyperref.cfg"
File: hyperref.cfg 2002/06/06 v1.2 hyperref configuration of TeXLive
)

Package hyperref Warning: Option `a4paper' is no longer used.

Package hyperref Info: Option `CJKbookmarks' set `true' on input line 3925.
Package hyperref Info: Option `bookmarksnumbered' set `true' on input line 3925
.
Package hyperref Info: Option `bookmarksopen' set `true' on input line 3925.
Package hyperref Info: Option `colorlinks' set `true' on input line 3925.
Package hyperref Info: Hyper figures OFF on input line 4046.
Package hyperref Info: Link nesting OFF on input line 4051.
Package hyperref Info: Hyper index ON on input line 4054.
Package hyperref Info: Plain pages OFF on input line 4061.
Package hyperref Info: Backreferencing OFF on input line 4066.
Package hyperref Info: Implicit mode ON; LaTeX internals redefined.
Package hyperref Info: Bookmarks ON on input line 4284.
\c@Hy@tempcnt=\count91
("C:\Program Files (x86)\CTEX\MiKTeX\tex\latex\ltxmisc\url.sty"
\Urlmuskip=\muskip10
Package: url 2006/04/12  ver 3.3  Verb mode for urls, etc.
)
LaTeX Info: Redefining \url on input line 4637.
\Fld@menulength=\count92
\Field@Width=\dimen104
\Fld@charsize=\dimen105
Package hyperref Info: Hyper figures OFF on input line 5757.
Package hyperref Info: Link nesting OFF on input line 5762.
Package hyperref Info: Hyper index ON on input line 5765.
Package hyperref Info: backreferencing OFF on input line 5772.
Package hyperref Info: Link coloring ON on input line 5775.
Package hyperref Info: Link coloring with OCG OFF on input line 5782.
Package hyperref Info: PDF/A mode OFF on input line 5787.
LaTeX Info: Redefining \ref on input line 5827.
LaTeX Info: Redefining \pageref on input line 5831.
\Hy@abspage=\count93
\c@Item=\count94
\c@Hfootnote=\count95
)

Package hyperref Message: Driver: hdvipdfm.

("C:\Program Files (x86)\CTEX\MiKTeX\tex\latex\hyperref\hdvipdfm.def"
File: hdvipdfm.def 2012/02/06 v6.82o Hyperref driver for dvipdfm
\pdfm@box=\box26
\c@Hy@AnnotLevel=\count96
\HyField@AnnotCount=\count97
\Fld@listcount=\count98
\c@bookmark@seq@number=\count99

("C:\Program Files (x86)\CTEX\MiKTeX\tex\latex\oberdiek\rerunfilecheck.sty"
Package: rerunfilecheck 2011/04/15 v1.7 Rerun checks for auxiliary files (HO)
Package uniquecounter Info: New unique counter `rerunfilecheck' on input line 2
82.
)
\Hy@SectionHShift=\skip43
)
("C:\Program Files (x86)\CTEX\MiKTeX\tex\latex\graphics\graphicx.sty"
Package: graphicx 1999/02/16 v1.0f Enhanced LaTeX Graphics (DPC,SPQR)

("C:\Program Files (x86)\CTEX\MiKTeX\tex\latex\graphics\graphics.sty"
Package: graphics 2009/02/05 v1.0o Standard LaTeX Graphics (DPC,SPQR)

("C:\Program Files (x86)\CTEX\MiKTeX\tex\latex\graphics\trig.sty"
Package: trig 1999/03/16 v1.09 sin cos tan (DPC)
)
("C:\Program Files (x86)\CTEX\MiKTeX\tex\latex\00miktex\graphics.cfg"
File: graphics.cfg 2007/01/18 v1.5 graphics configuration of teTeX/TeXLive
)
Package graphics Info: Driver file: dvips.def on input line 91.

("C:\Program Files (x86)\CTEX\MiKTeX\tex\latex\graphics\dvips.def"
File: dvips.def 1999/02/16 v3.0i Driver-dependant file (DPC,SPQR)
))
\Gin@req@height=\dimen106
\Gin@req@width=\dimen107
)
("C:\Program Files (x86)\CTEX\MiKTeX\tex\latex\geometry\geometry.sty"
Package: geometry 2010/09/12 v5.6 Page Geometry
\Gm@cnth=\count100
\Gm@cntv=\count101
\c@Gm@tempcnt=\count102
\Gm@bindingoffset=\dimen108
\Gm@wd@mp=\dimen109
\Gm@odd@mp=\dimen110
\Gm@even@mp=\dimen111
\Gm@layoutwidth=\dimen112
\Gm@layoutheight=\dimen113
\Gm@layouthoffset=\dimen114
\Gm@layoutvoffset=\dimen115
\Gm@dimlist=\toks15

("C:\Program Files (x86)\CTEX\MiKTeX\tex\latex\geometry\geometry.cfg"))
("C:\Program Files (x86)\CTEX\MiKTeX\tex\latex\layouts\layouts.sty"
Package: layouts 2009/09/02 v2.6d graphical depiction of document elements
\l@ylen=\skip44
\layoutsbox=\box27
\l@youtunitlength=\skip45
\l@youtlinethick=\skip46
\l@youtlinethickii=\skip47
\l@ysetupparskip=\skip48
\l@ysetupbaselineskip=\skip49
\l@yonem=\skip50
\l@yonex=\skip51
\l@ylmarg=\skip52
\l@yrmarg=\skip53
\l@yitmindent=\skip54
\l@ylblwidth=\skip55
\l@ylblsep=\skip56
\l@ylparindent=\skip57
\l@ytsep=\skip58
\l@ypskip=\skip59
\l@yptsep=\skip60
\l@ypsep=\skip61
\l@yitmsep=\skip62
\l@ytok=\toks16
\l@youtpw=\count103
\l@youtph=\count104
\l@youthpi=\count105
\l@youthpii=\count106
\l@youthpiii=\count107
\l@youthpiv=\count108
\l@youthpv=\count109
\l@youthpvi=\count110
\l@youthpvii=\count111
\l@youtparskip=\count112
\l@youtvpi=\count113
\l@youtvpii=\count114
\l@youtvpiii=\count115
\l@youtvpiv=\count116
\l@youtvpv=\count117
\l@youtvpvi=\count118
\l@youtvpvii=\count119
\l@youthdo=\count120
\l@youthdi=\count121
\l@youthdii=\count122
\l@youthdiii=\count123
\l@youthdiv=\count124
\l@youthdv=\count125
\l@youthdvi=\count126
\l@youthdvii=\count127
\l@youtvdo=\count128
\l@youtvdi=\count129
\l@youtvdii=\count130
\l@youtvdiii=\count131
\l@youtvdiv=\count132
\l@youtvdv=\count133
\l@youtvdvi=\count134
\l@youtvdvii=\count135
\l@youtvdviii=\count136
\l@youtxci=\count137
\l@youtxcii=\count138
\l@youtxciii=\count139
\l@youtxciv=\count140
\l@youtxcv=\count141
\l@youtxcvi=\count142
\l@youtyci=\count143
\l@youtycii=\count144
\l@youtyciii=\count145
\l@youtyciv=\count146
\l@youtycv=\count147
\l@youtycvi=\count148
\l@youtycvii=\count149
\l@youtycviii=\count150
\l@youtxco=\count151
\l@youtyco=\count152
\l@ytempdima=\skip63
\stockwidth=\skip64
\stockheight=\skip65
\trimedge=\skip66
\trimtop=\skip67
\uppermargin=\skip68
\spinemargin=\skip69
)
("C:\Program Files (x86)\CTEX\MiKTeX\tex\latex\titlesec\titlesec.sty"
Package: titlesec 2011/12/15 v2.10.0 Sectioning titles
\ttl@box=\box28
\beforetitleunit=\skip70
\aftertitleunit=\skip71
\ttl@plus=\dimen116
\ttl@minus=\dimen117
\ttl@toksa=\toks17
\titlewidth=\dimen118
\titlewidthlast=\dimen119
\titlewidthfirst=\dimen120
)
("C:\Program Files (x86)\CTEX\MiKTeX\tex\latex\titlesec\titletoc.sty"
Package: titletoc 2011/12/15 v1.6 TOC entries
\ttl@leftsep=\dimen121
)
("C:\Program Files (x86)\CTEX\MiKTeX\tex\latex\footmisc\footmisc.sty"
Package: footmisc 2011/06/06 v5.5b a miscellany of footnote facilities
\FN@temptoken=\toks18
\footnotemargin=\dimen122
\c@pp@next@reset=\count153
\c@@fnserial=\count154
Package footmisc Info: Declaring symbol style bringhurst on input line 855.
Package footmisc Info: Declaring symbol style chicago on input line 863.
Package footmisc Info: Declaring symbol style wiley on input line 872.
Package footmisc Info: Declaring symbol style lamport-robust on input line 883.

Package footmisc Info: Declaring symbol style lamport* on input line 903.
Package footmisc Info: Declaring symbol style lamport*-robust on input line 924
.
)
("C:\Program Files (x86)\CTEX\MiKTeX\tex\latex\fancyhdr\fancyhdr.sty"
\fancy@headwidth=\skip72
\f@ncyO@elh=\skip73
\f@ncyO@erh=\skip74
\f@ncyO@olh=\skip75
\f@ncyO@orh=\skip76
\f@ncyO@elf=\skip77
\f@ncyO@erf=\skip78
\f@ncyO@olf=\skip79
\f@ncyO@orf=\skip80
)
("C:\Program Files (x86)\CTEX\MiKTeX\tex\latex\fancyref\fancyref.sty"
Package: fancyref 1999/02/03 v0.9c Fancy cross-referencing

("C:\Program Files (x86)\CTEX\MiKTeX\tex\latex\tools\varioref.sty"
Package: varioref 2011/10/02 v1.4z package for extended references (FMi)
\c@vrcnt=\count155
))
("C:\Program Files (x86)\CTEX\MiKTeX\tex\latex\cjk\CJK.sty"
Package: CJK 2008/12/29 4.8.2

("C:\Program Files (x86)\CTEX\MiKTeX\tex\latex\cjk\mule\MULEenc.sty"
Package: MULEenc 2008/12/29 4.8.2
)
("C:\Program Files (x86)\CTEX\MiKTeX\tex\latex\cjk\CJK.enc"
File: CJK.enc 2008/12/29 4.8.2
)
LaTeX Info: Redefining \selectfont on input line 756.
\CJK@indent=\box29
)
("C:\Program Files (x86)\CTEX\MiKTeX\tex\latex\type1cm\type1cm.sty"
Package: type1cm 2002/09/05 v0.04 BlueSky/Y&Y Type1 CM font definitions (DPC, p
atched RF)
)
("C:\Program Files (x86)\CTEX\MiKTeX\tex\latex\psnfss\times.sty"
Package: times 2005/04/12 PSNFSS-v9.2a (SPQR) 
)
("C:\Program Files (x86)\CTEX\MiKTeX\tex\latex\tools\indentfirst.sty"
Package: indentfirst 1995/11/23 v1.03 Indent first paragraph (DPC)
)
("C:\Program Files (x86)\CTEX\MiKTeX\tex\latex\graphics\color.sty"
Package: color 2005/11/14 v1.0j Standard LaTeX Color (DPC)

("C:\Program Files (x86)\CTEX\MiKTeX\tex\latex\00miktex\color.cfg"
File: color.cfg 2007/01/18 v1.5 color configuration of teTeX/TeXLive
)
Package color Info: Driver file: dvips.def on input line 130.

("C:\Program Files (x86)\CTEX\MiKTeX\tex\latex\graphics\dvipsnam.def"
File: dvipsnam.def 1999/02/16 v3.0i Driver-dependant file (DPC,SPQR)
))
("C:\Program Files (x86)\CTEX\MiKTeX\tex\latex\threeparttable\threeparttable.st
y"
Package: threeparttable 2003/06/13  v 3.0
\@tempboxb=\box30
) ("C:\Program Files (x86)\CTEX\MiKTeX\tex\latex\tools\tabularx.sty"
Package: tabularx 1999/01/07 v2.07 `tabularx' package (DPC)

("C:\Program Files (x86)\CTEX\MiKTeX\tex\latex\tools\array.sty"
Package: array 2008/09/09 v2.4c Tabular extension package (FMi)
\col@sep=\dimen123
\extrarowheight=\dimen124
\NC@list=\toks19
\extratabsurround=\skip81
\backup@length=\skip82
)
\TX@col@width=\dimen125
\TX@old@table=\dimen126
\TX@old@col=\dimen127
\TX@target=\dimen128
\TX@delta=\dimen129
\TX@cols=\count156
\TX@ftn=\toks20
)
("C:\Program Files (x86)\CTEX\MiKTeX\tex\latex\booktabs\booktabs.sty"
Package: booktabs 2005/04/14 v1.61803 publication quality tables
\heavyrulewidth=\dimen130
\lightrulewidth=\dimen131
\cmidrulewidth=\dimen132
\belowrulesep=\dimen133
\belowbottomsep=\dimen134
\aboverulesep=\dimen135
\abovetopsep=\dimen136
\cmidrulesep=\dimen137
\cmidrulekern=\dimen138
\defaultaddspace=\dimen139
\@cmidla=\count157
\@cmidlb=\count158
\@aboverulesep=\dimen140
\@belowrulesep=\dimen141
\@thisruleclass=\count159
\@lastruleclass=\count160
\@thisrulewidth=\dimen142
)
("C:\Program Files (x86)\CTEX\MiKTeX\tex\latex\ams\math\amsmath.sty"
Package: amsmath 2000/07/18 v2.13 AMS math features
\@mathmargin=\skip83

For additional information on amsmath, use the `?' option.
("C:\Program Files (x86)\CTEX\MiKTeX\tex\latex\ams\math\amstext.sty"
Package: amstext 2000/06/29 v2.01

("C:\Program Files (x86)\CTEX\MiKTeX\tex\latex\ams\math\amsgen.sty"
File: amsgen.sty 1999/11/30 v2.0
\@emptytoks=\toks21
\ex@=\dimen143
))
("C:\Program Files (x86)\CTEX\MiKTeX\tex\latex\ams\math\amsbsy.sty"
Package: amsbsy 1999/11/29 v1.2d
\pmbraise@=\dimen144
)
("C:\Program Files (x86)\CTEX\MiKTeX\tex\latex\ams\math\amsopn.sty"
Package: amsopn 1999/12/14 v2.01 operator names
)
\inf@bad=\count161
LaTeX Info: Redefining \frac on input line 211.
\uproot@=\count162
\leftroot@=\count163
LaTeX Info: Redefining \overline on input line 307.
\classnum@=\count164
\DOTSCASE@=\count165
LaTeX Info: Redefining \ldots on input line 379.
LaTeX Info: Redefining \dots on input line 382.
LaTeX Info: Redefining \cdots on input line 467.
\Mathstrutbox@=\box31
\strutbox@=\box32
\big@size=\dimen145
LaTeX Font Info:    Redeclaring font encoding OML on input line 567.
LaTeX Font Info:    Redeclaring font encoding OMS on input line 568.
\macc@depth=\count166
\c@MaxMatrixCols=\count167
\dotsspace@=\muskip11
\c@parentequation=\count168
\dspbrk@lvl=\count169
\tag@help=\toks22
\row@=\count170
\column@=\count171
\maxfields@=\count172
\andhelp@=\toks23
\eqnshift@=\dimen146
\alignsep@=\dimen147
\tagshift@=\dimen148
\tagwidth@=\dimen149
\totwidth@=\dimen150
\lineht@=\dimen151
\@envbody=\toks24
\multlinegap=\skip84
\multlinetaggap=\skip85
\mathdisplay@stack=\toks25
LaTeX Info: Redefining \[ on input line 2666.
LaTeX Info: Redefining \] on input line 2667.
)
("C:\Program Files (x86)\CTEX\MiKTeX\tex\latex\amsfonts\amssymb.sty"
Package: amssymb 2009/06/22 v3.00

("C:\Program Files (x86)\CTEX\MiKTeX\tex\latex\amsfonts\amsfonts.sty"
Package: amsfonts 2009/06/22 v3.00 Basic AMSFonts support
\symAMSa=\mathgroup4
\symAMSb=\mathgroup5
LaTeX Font Info:    Overwriting math alphabet `\mathfrak' in version `bold'
(Font)                  U/euf/m/n --> U/euf/b/n on input line 96.
))
("C:\Program Files (x86)\CTEX\MiKTeX\tex\latex\jknappen\mathrsfs.sty"
Package: mathrsfs 1996/01/01 Math RSFS package v1.0 (jk)
\symrsfs=\mathgroup6
)
("C:\Program Files (x86)\CTEX\MiKTeX\tex\latex\tools\bm.sty"
Package: bm 2004/02/26 v1.1c Bold Symbol Support (DPC/FMi)
\symboldoperators=\mathgroup7
\symboldletters=\mathgroup8
\symboldsymbols=\mathgroup9
LaTeX Font Info:    Redeclaring math alphabet \mathbf on input line 138.
LaTeX Info: Redefining \bm on input line 204.
)
("C:\Program Files (x86)\CTEX\MiKTeX\tex\latex\ams\classes\amsthm.sty"
Package: amsthm 2004/08/06 v2.20
\thm@style=\toks26
\thm@bodyfont=\toks27
\thm@headfont=\toks28
\thm@notefont=\toks29
\thm@headpunct=\toks30
\thm@preskip=\skip86
\thm@postskip=\skip87
\thm@headsep=\skip88
\dth@everypar=\toks31
)
("C:\Program Files (x86)\CTEX\MiKTeX\tex\latex\epsf\epsf.sty"
This is `epsf.tex' v2.7.4 <14 February 2011>
\epsffilein=\read1
\epsfframemargin=\dimen152
\epsfframethickness=\dimen153
\epsfrsize=\dimen154
\epsftmp=\dimen155
\epsftsize=\dimen156
\epsfxsize=\dimen157
\epsfysize=\dimen158
\pspoints=\dimen159
) ("C:\Program Files (x86)\CTEX\MiKTeX\tex\latex\graphics\epsfig.sty"
Package: epsfig 1999/02/16 v1.7a (e)psfig emulation (SPQR)
\epsfxsize=\dimen160
\epsfysize=\dimen161
)
("C:\Program Files (x86)\CTEX\MiKTeX\tex\latex\placeins\placeins.sty"
Package: placeins 2005/04/18  v 2.2
)
("C:\Program Files (x86)\CTEX\MiKTeX\tex\latex\floatflt\floatflt.sty"
Package: floatflt 1997/07/16 v. 1.31
\c@OptionTest=\count173
\figbox=\box33
\tabbox=\box34
\pagebox=\box35
\ffigcount=\count174
\ftabcount=\count175
\fftest=\count176
\hangcount=\count177
\nosuccesstryfig=\count178
\nosuccesstrytab=\count179
\figgutter=\dimen162
\tabgutter=\dimen163
\htdone=\dimen164
\pageht=\dimen165
\startpageht=\dimen166
\tabbredd=\dimen167
\floatfltwidth=\dimen168
\fltitemwidth=\dimen169
\outputpretest=\toks32
)
("C:\Program Files (x86)\CTEX\MiKTeX\tex\latex\setspace\setspace.sty"
Package: setspace 2011/12/19 v6.7a set line spacing
)
("C:\Program Files (x86)\CTEX\MiKTeX\tex\latex\multirow\multirow.sty"
\bigstrutjot=\dimen170
)
("C:\Program Files (x86)\CTEX\MiKTeX\tex\latex\changepage\changepage.sty"
Package: changepage 2009/10/20 v1.0c check page and change page layout
\c@cp@cntr=\count180
\cp@tempcnt=\count181
)
("C:\Program Files (x86)\CTEX\MiKTeX\tex\latex\subfigure\subfigure.sty"
Package: subfigure 2002/07/30 v2.1.4 subfigure package
\subfigtopskip=\skip89
\subfigcapskip=\skip90
\subfigcaptopadj=\dimen171
\subfigbottomskip=\skip91
\subfigcapmargin=\dimen172
\subfiglabelskip=\skip92
\c@subfigure=\count182
\c@lofdepth=\count183
\c@subtable=\count184
\c@lotdepth=\count185

****************************************
* Local config file subfigure.cfg used *
****************************************
("C:\Program Files (x86)\CTEX\MiKTeX\tex\latex\subfigure\subfigure.cfg")
\subfig@top=\skip93
\subfig@bottom=\skip94
)
("C:\Program Files (x86)\CTEX\MiKTeX\tex\latex\ccaption\ccaption.sty"
Package: ccaption 2011/08/07 v3.2c Extended captioning and new floats
\@contcwidth=\skip95
\@contindw=\skip96
\abovelegendskip=\skip97
\belowlegendskip=\skip98
\c@@contsubnum=\count186
\c@newflo@tctr=\count187
)
("C:\Program Files (x86)\CTEX\MiKTeX\tex\latex\cite\cite.sty"
LaTeX Info: Redefining \cite on input line 302.
LaTeX Info: Redefining \nocite on input line 373.
Package: cite 2010/09/10  v 5.3
)
("C:\Program Files (x86)\CTEX\MiKTeX\tex\latex\natbib\natbib.sty"
Package: natbib 2010/09/13 8.31b (PWD, AO)


Package natbib Warning: The `cite' package should not be used
(natbib)                with natbib. Use option `sort' instead.

\bibhang=\skip99
\bibsep=\skip100
LaTeX Info: Redefining \cite on input line 694.
LaTeX Info: Redefining \citenum on input line 708.
\c@NAT@ctr=\count188
) ("C:\Program Files (x86)\CTEX\MiKTeX\tex\latex\paralist\paralist.sty"
Package: paralist 2002/03/18 v2.3b Extended list environments (BS)
\pltopsep=\skip101
\plpartopsep=\skip102
\plitemsep=\skip103
\plparsep=\skip104
\pl@lab=\toks33
)
("C:\Program Files (x86)\CTEX\MiKTeX\tex\latex\tools\calc.sty"
Package: calc 2007/08/22 v4.3 Infix arithmetic (KKT,FJ)
\calc@Acount=\count189
\calc@Bcount=\count190
\calc@Adimen=\dimen173
\calc@Bdimen=\dimen174
\calc@Askip=\skip105
\calc@Bskip=\skip106
LaTeX Info: Redefining \setlength on input line 76.
LaTeX Info: Redefining \addtolength on input line 77.
\calc@Ccount=\count191
\calc@Cskip=\skip107
)
("C:\Program Files (x86)\CTEX\MiKTeX\tex\latex\rotating\rotating.sty"
Package: rotating 2009/03/28 v2.16a rotated objects in LaTeX

("C:\Program Files (x86)\CTEX\MiKTeX\tex\latex\base\ifthen.sty"
Package: ifthen 2001/05/26 v1.1c Standard LaTeX ifthen package (DPC)
)
\c@r@tfl@t=\count192
\rotFPtop=\skip108
\rotFPbot=\skip109
\rot@float@box=\box36
\rot@mess@toks=\toks34
)
("C:\Program Files (x86)\CTEX\MiKTeX\tex\latex\cases\cases.sty"
Package: cases 2002/05/02 ver 2.5 
)
("C:\Program Files (x86)\CTEX\MiKTeX\tex\latex\tools\enumerate.sty"
Package: enumerate 1999/03/05 v3.00 enumerate extensions (DPC)
\@enLab=\toks35
)
("C:\Program Files (x86)\CTEX\MiKTeX\tex\latex\float\float.sty"
Package: float 2001/11/08 v1.3d Float enhancements (AL)
\c@float@type=\count193
\float@exts=\toks36
\float@box=\box37
\@float@everytoks=\toks37
\@floatcapt=\box38
)
("C:\Program Files (x86)\CTEX\MiKTeX\tex\latex\framed\framed.sty"
Package: framed 2007/10/04 v 0.95: framed or shaded text with page breaks
\fb@frw=\dimen175
\fb@frh=\dimen176
\FrameRule=\dimen177
\FrameSep=\dimen178
)
("C:\Program Files (x86)\CTEX\MiKTeX\tex\latex\ulem\ulem.sty"
\UL@box=\box39
\UL@hyphenbox=\box40
\UL@skip=\skip110
\UL@hook=\toks38
\UL@height=\dimen179
\UL@pe=\count194
\UL@pixel=\dimen180
\ULC@box=\box41
Package: ulem 2011/03/18
\ULdepth=\dimen181
))
("C:\Program Files (x86)\CTEX\MiKTeX\tex\latex\pgf\frontendlayer\tikz.sty"
("C:\Program Files (x86)\CTEX\MiKTeX\tex\latex\pgf\basiclayer\pgf.sty"
("C:\Program Files (x86)\CTEX\MiKTeX\tex\latex\pgf\utilities\pgfrcs.sty"
("C:\Program Files (x86)\CTEX\MiKTeX\tex\generic\pgf\utilities\pgfutil-common.t
ex"
\pgfutil@everybye=\toks39
)
("C:\Program Files (x86)\CTEX\MiKTeX\tex\generic\pgf\utilities\pgfutil-latex.de
f"
\pgfutil@abb=\box42
 ("C:\Program Files (x86)\CTEX\MiKTeX\tex\latex\ms\everyshi.sty"
Package: everyshi 2001/05/15 v3.00 EveryShipout Package (MS)
))
("C:\Program Files (x86)\CTEX\MiKTeX\tex\generic\pgf\utilities\pgfrcs.code.tex"
Package: pgfrcs 2010/10/25 v2.10 (rcs-revision 1.24)
))
Package: pgf 2008/01/15 v2.10 (rcs-revision 1.12)
 ("C:\Program Files (x86)\CTEX\MiKTeX\tex\latex\pgf\basiclayer\pgfcore.sty"
("C:\Program Files (x86)\CTEX\MiKTeX\tex\latex\pgf\systemlayer\pgfsys.sty"
("C:\Program Files (x86)\CTEX\MiKTeX\tex\generic\pgf\systemlayer\pgfsys.code.te
x"
Package: pgfsys 2010/06/30 v2.10 (rcs-revision 1.37)

("C:\Program Files (x86)\CTEX\MiKTeX\tex\generic\pgf\utilities\pgfkeys.code.tex
"
\pgfkeys@pathtoks=\toks40
\pgfkeys@temptoks=\toks41

("C:\Program Files (x86)\CTEX\MiKTeX\tex\generic\pgf\utilities\pgfkeysfiltered.
code.tex"
\pgfkeys@tmptoks=\toks42
))
\pgf@x=\dimen182
\pgf@y=\dimen183
\pgf@xa=\dimen184
\pgf@ya=\dimen185
\pgf@xb=\dimen186
\pgf@yb=\dimen187
\pgf@xc=\dimen188
\pgf@yc=\dimen189
\w@pgf@writea=\write3
\r@pgf@reada=\read2
\c@pgf@counta=\count195
\c@pgf@countb=\count196
\c@pgf@countc=\count197
\c@pgf@countd=\count198

("C:\Program Files (x86)\CTEX\MiKTeX\tex\generic\pgf\systemlayer\pgf.cfg"
File: pgf.cfg 2008/05/14  (rcs-revision 1.7)
)
Package pgfsys Info: Driver file for pgf: pgfsys-dvips.def on input line 900.

("C:\Program Files (x86)\CTEX\MiKTeX\tex\generic\pgf\systemlayer\pgfsys-dvips.d
ef"
File: pgfsys-dvips.def 2008/04/03  (rcs-revision 1.20)

("C:\Program Files (x86)\CTEX\MiKTeX\tex\generic\pgf\systemlayer\pgfsys-common-
postscript.def"
File: pgfsys-common-postscript.def 2008/10/01  (rcs-revision 1.22)
\pgf@objectcount=\count199
)))
("C:\Program Files (x86)\CTEX\MiKTeX\tex\generic\pgf\systemlayer\pgfsyssoftpath
.code.tex"
File: pgfsyssoftpath.code.tex 2008/07/18  (rcs-revision 1.7)
\pgfsyssoftpath@smallbuffer@items=\count200
\pgfsyssoftpath@bigbuffer@items=\count201
)
("C:\Program Files (x86)\CTEX\MiKTeX\tex\generic\pgf\systemlayer\pgfsysprotocol
.code.tex"
File: pgfsysprotocol.code.tex 2006/10/16  (rcs-revision 1.4)
)) ("C:\Program Files (x86)\CTEX\MiKTeX\tex\latex\xcolor\xcolor.sty"
Package: xcolor 2007/01/21 v2.11 LaTeX color extensions (UK)

("C:\Program Files (x86)\CTEX\MiKTeX\tex\latex\00miktex\color.cfg"
File: color.cfg 2007/01/18 v1.5 color configuration of teTeX/TeXLive
)
Package xcolor Info: Driver file: dvips.def on input line 225.
LaTeX Info: Redefining \color on input line 702.
Package xcolor Info: Model `cmy' substituted by `cmy0' on input line 1337.
Package xcolor Info: Model `RGB' extended on input line 1353.
Package xcolor Info: Model `HTML' substituted by `rgb' on input line 1355.
Package xcolor Info: Model `Hsb' substituted by `hsb' on input line 1356.
Package xcolor Info: Model `tHsb' substituted by `hsb' on input line 1357.
Package xcolor Info: Model `HSB' substituted by `hsb' on input line 1358.
Package xcolor Info: Model `Gray' substituted by `gray' on input line 1359.
Package xcolor Info: Model `wave' substituted by `hsb' on input line 1360.
)
("C:\Program Files (x86)\CTEX\MiKTeX\tex\generic\pgf\basiclayer\pgfcore.code.te
x"
Package: pgfcore 2010/04/11 v2.10 (rcs-revision 1.7)
 ("C:\Program Files (x86)\CTEX\MiKTeX\tex\generic\pgf\math\pgfmath.code.tex"
("C:\Program Files (x86)\CTEX\MiKTeX\tex\generic\pgf\math\pgfmathcalc.code.tex"
("C:\Program Files (x86)\CTEX\MiKTeX\tex\generic\pgf\math\pgfmathutil.code.tex"
)
("C:\Program Files (x86)\CTEX\MiKTeX\tex\generic\pgf\math\pgfmathparser.code.te
x"
\pgfmath@dimen=\dimen190
\pgfmath@count=\count202
\pgfmath@box=\box43
\pgfmath@toks=\toks43
\pgfmath@stack@operand=\toks44
\pgfmath@stack@operation=\toks45
)
("C:\Program Files (x86)\CTEX\MiKTeX\tex\generic\pgf\math\pgfmathfunctions.code
.tex"
("C:\Program Files (x86)\CTEX\MiKTeX\tex\generic\pgf\math\pgfmathfunctions.basi
c.code.tex")
("C:\Program Files (x86)\CTEX\MiKTeX\tex\generic\pgf\math\pgfmathfunctions.trig
onometric.code.tex")
("C:\Program Files (x86)\CTEX\MiKTeX\tex\generic\pgf\math\pgfmathfunctions.rand
om.code.tex")
("C:\Program Files (x86)\CTEX\MiKTeX\tex\generic\pgf\math\pgfmathfunctions.comp
arison.code.tex")
("C:\Program Files (x86)\CTEX\MiKTeX\tex\generic\pgf\math\pgfmathfunctions.base
.code.tex")
("C:\Program Files (x86)\CTEX\MiKTeX\tex\generic\pgf\math\pgfmathfunctions.roun
d.code.tex")
("C:\Program Files (x86)\CTEX\MiKTeX\tex\generic\pgf\math\pgfmathfunctions.misc
.code.tex")))
("C:\Program Files (x86)\CTEX\MiKTeX\tex\generic\pgf\math\pgfmathfloat.code.tex
"
\c@pgfmathroundto@lastzeros=\count203
))
("C:\Program Files (x86)\CTEX\MiKTeX\tex\generic\pgf\basiclayer\pgfcorepoints.c
ode.tex"
File: pgfcorepoints.code.tex 2010/04/09  (rcs-revision 1.20)
\pgf@picminx=\dimen191
\pgf@picmaxx=\dimen192
\pgf@picminy=\dimen193
\pgf@picmaxy=\dimen194
\pgf@pathminx=\dimen195
\pgf@pathmaxx=\dimen196
\pgf@pathminy=\dimen197
\pgf@pathmaxy=\dimen198
\pgf@xx=\dimen199
\pgf@xy=\dimen200
\pgf@yx=\dimen201
\pgf@yy=\dimen202
\pgf@zx=\dimen203
\pgf@zy=\dimen204
)
("C:\Program Files (x86)\CTEX\MiKTeX\tex\generic\pgf\basiclayer\pgfcorepathcons
truct.code.tex"
File: pgfcorepathconstruct.code.tex 2010/08/03  (rcs-revision 1.24)
\pgf@path@lastx=\dimen205
\pgf@path@lasty=\dimen206
)
("C:\Program Files (x86)\CTEX\MiKTeX\tex\generic\pgf\basiclayer\pgfcorepathusag
e.code.tex"
File: pgfcorepathusage.code.tex 2008/04/22  (rcs-revision 1.12)
\pgf@shorten@end@additional=\dimen207
\pgf@shorten@start@additional=\dimen208
)
("C:\Program Files (x86)\CTEX\MiKTeX\tex\generic\pgf\basiclayer\pgfcorescopes.c
ode.tex"
File: pgfcorescopes.code.tex 2010/09/08  (rcs-revision 1.34)
\pgfpic=\box44
\pgf@hbox=\box45
\pgf@layerbox@main=\box46
\pgf@picture@serial@count=\count204
)
("C:\Program Files (x86)\CTEX\MiKTeX\tex\generic\pgf\basiclayer\pgfcoregraphics
tate.code.tex"
File: pgfcoregraphicstate.code.tex 2008/04/22  (rcs-revision 1.9)
\pgflinewidth=\dimen209
)
("C:\Program Files (x86)\CTEX\MiKTeX\tex\generic\pgf\basiclayer\pgfcoretransfor
mations.code.tex"
File: pgfcoretransformations.code.tex 2009/06/10  (rcs-revision 1.11)
\pgf@pt@x=\dimen210
\pgf@pt@y=\dimen211
\pgf@pt@temp=\dimen212
)
("C:\Program Files (x86)\CTEX\MiKTeX\tex\generic\pgf\basiclayer\pgfcorequick.co
de.tex"
File: pgfcorequick.code.tex 2008/10/09  (rcs-revision 1.3)
)
("C:\Program Files (x86)\CTEX\MiKTeX\tex\generic\pgf\basiclayer\pgfcoreobjects.
code.tex"
File: pgfcoreobjects.code.tex 2006/10/11  (rcs-revision 1.2)
)
("C:\Program Files (x86)\CTEX\MiKTeX\tex\generic\pgf\basiclayer\pgfcorepathproc
essing.code.tex"
File: pgfcorepathprocessing.code.tex 2008/10/09  (rcs-revision 1.8)
)
("C:\Program Files (x86)\CTEX\MiKTeX\tex\generic\pgf\basiclayer\pgfcorearrows.c
ode.tex"
File: pgfcorearrows.code.tex 2008/04/23  (rcs-revision 1.11)
)
("C:\Program Files (x86)\CTEX\MiKTeX\tex\generic\pgf\basiclayer\pgfcoreshade.co
de.tex"
File: pgfcoreshade.code.tex 2008/11/23  (rcs-revision 1.13)
\pgf@max=\dimen213
\pgf@sys@shading@range@num=\count205
)
("C:\Program Files (x86)\CTEX\MiKTeX\tex\generic\pgf\basiclayer\pgfcoreimage.co
de.tex"
File: pgfcoreimage.code.tex 2010/03/25  (rcs-revision 1.16)

("C:\Program Files (x86)\CTEX\MiKTeX\tex\generic\pgf\basiclayer\pgfcoreexternal
.code.tex"
File: pgfcoreexternal.code.tex 2010/09/01  (rcs-revision 1.17)
\pgfexternal@startupbox=\box47
))
("C:\Program Files (x86)\CTEX\MiKTeX\tex\generic\pgf\basiclayer\pgfcorelayers.c
ode.tex"
File: pgfcorelayers.code.tex 2010/08/27  (rcs-revision 1.2)
)
("C:\Program Files (x86)\CTEX\MiKTeX\tex\generic\pgf\basiclayer\pgfcoretranspar
ency.code.tex"
File: pgfcoretransparency.code.tex 2008/01/17  (rcs-revision 1.2)
)
("C:\Program Files (x86)\CTEX\MiKTeX\tex\generic\pgf\basiclayer\pgfcorepatterns
.code.tex"
File: pgfcorepatterns.code.tex 2009/07/02  (rcs-revision 1.3)
)))
("C:\Program Files (x86)\CTEX\MiKTeX\tex\generic\pgf\modules\pgfmoduleshapes.co
de.tex"
File: pgfmoduleshapes.code.tex 2010/09/09  (rcs-revision 1.13)
\pgfnodeparttextbox=\box48
)
("C:\Program Files (x86)\CTEX\MiKTeX\tex\generic\pgf\modules\pgfmoduleplot.code
.tex"
File: pgfmoduleplot.code.tex 2010/10/22  (rcs-revision 1.8)
)
("C:\Program Files (x86)\CTEX\MiKTeX\tex\latex\pgf\compatibility\pgfcomp-versio
n-0-65.sty"
Package: pgfcomp-version-0-65 2007/07/03 v2.10 (rcs-revision 1.7)
\pgf@nodesepstart=\dimen214
\pgf@nodesepend=\dimen215
)
("C:\Program Files (x86)\CTEX\MiKTeX\tex\latex\pgf\compatibility\pgfcomp-versio
n-1-18.sty"
Package: pgfcomp-version-1-18 2007/07/23 v2.10 (rcs-revision 1.1)
))
("C:\Program Files (x86)\CTEX\MiKTeX\tex\latex\pgf\utilities\pgffor.sty"
("C:\Program Files (x86)\CTEX\MiKTeX\tex\latex\pgf\utilities\pgfkeys.sty"
("C:\Program Files (x86)\CTEX\MiKTeX\tex\generic\pgf\utilities\pgfkeys.code.tex
"))
("C:\Program Files (x86)\CTEX\MiKTeX\tex\generic\pgf\utilities\pgffor.code.tex"
Package: pgffor 2010/03/23 v2.10 (rcs-revision 1.18)
\pgffor@iter=\dimen216
\pgffor@skip=\dimen217
\pgffor@stack=\toks46
\pgffor@toks=\toks47
))
("C:\Program Files (x86)\CTEX\MiKTeX\tex\generic\pgf\frontendlayer\tikz\tikz.co
de.tex"
Package: tikz 2010/10/13 v2.10 (rcs-revision 1.76)

("C:\Program Files (x86)\CTEX\MiKTeX\tex\generic\pgf\libraries\pgflibraryplotha
ndlers.code.tex"
File: pgflibraryplothandlers.code.tex 2010/05/31 v2.10 (rcs-revision 1.15)
\pgf@plot@mark@count=\count206
\pgfplotmarksize=\dimen218
)
\tikz@lastx=\dimen219
\tikz@lasty=\dimen220
\tikz@lastxsaved=\dimen221
\tikz@lastysaved=\dimen222
\tikzleveldistance=\dimen223
\tikzsiblingdistance=\dimen224
\tikz@figbox=\box49
\tikz@tempbox=\box50
\tikztreelevel=\count207
\tikznumberofchildren=\count208
\tikznumberofcurrentchild=\count209
\tikz@fig@count=\count210

("C:\Program Files (x86)\CTEX\MiKTeX\tex\generic\pgf\modules\pgfmodulematrix.co
de.tex"
File: pgfmodulematrix.code.tex 2010/08/24  (rcs-revision 1.4)
\pgfmatrixcurrentrow=\count211
\pgfmatrixcurrentcolumn=\count212
\pgf@matrix@numberofcolumns=\count213
)
\tikz@expandcount=\count214

("C:\Program Files (x86)\CTEX\MiKTeX\tex\generic\pgf\frontendlayer\tikz\librari
es\tikzlibrarytopaths.code.tex"
File: tikzlibrarytopaths.code.tex 2008/06/17 v2.10 (rcs-revision 1.2)
))) (C:\PhD_thesis_CH\180901001è–„æ°¸è¾‰.aux
(C:\PhD_thesis_CH\Body/Cover.aux) (C:\PhD_thesis_CH\Body/AbstractinChinese.aux)
(C:\PhD_thesis_CH\Body/AbstractinEnglish.aux)
(C:\PhD_thesis_CH\Body/Introduction.aux) (C:\PhD_thesis_CH\Body/Chapter1.aux)
(C:\PhD_thesis_CH\Body/Chapter2.aux) (C:\PhD_thesis_CH\Body/Chapter3.aux)
(C:\PhD_thesis_CH\Body/Chapter4.aux) (C:\PhD_thesis_CH\Body/Chapter5.aux)
(C:\PhD_thesis_CH\Body/Bibliography.aux)
(C:\PhD_thesis_CH\Body/Publications.aux)
(C:\PhD_thesis_CH\Body/Acknowledgements.aux))
LaTeX Font Info:    Checking defaults for OML/cmm/m/it on input line 9.
LaTeX Font Info:    ... okay on input line 9.
LaTeX Font Info:    Checking defaults for T1/cmr/m/n on input line 9.
LaTeX Font Info:    ... okay on input line 9.
LaTeX Font Info:    Checking defaults for OT1/cmr/m/n on input line 9.
LaTeX Font Info:    ... okay on input line 9.
LaTeX Font Info:    Checking defaults for OMS/cmsy/m/n on input line 9.
LaTeX Font Info:    ... okay on input line 9.
LaTeX Font Info:    Checking defaults for OMX/cmex/m/n on input line 9.
LaTeX Font Info:    ... okay on input line 9.
LaTeX Font Info:    Checking defaults for U/cmr/m/n on input line 9.
LaTeX Font Info:    ... okay on input line 9.
LaTeX Font Info:    Checking defaults for PD1/pdf/m/n on input line 9.
LaTeX Font Info:    ... okay on input line 9.
LaTeX Font Info:    Checking defaults for C00/song/m/n on input line 9.
LaTeX Font Info:    ... okay on input line 9.
LaTeX Font Info:    Checking defaults for C05/song/m/n on input line 9.
LaTeX Font Info:    ... okay on input line 9.
LaTeX Font Info:    Checking defaults for C09/song/m/n on input line 9.
LaTeX Font Info:    ... okay on input line 9.
LaTeX Font Info:    Checking defaults for C10/song/m/n on input line 9.
LaTeX Font Info:    ... okay on input line 9.
LaTeX Font Info:    Checking defaults for C20/song/m/n on input line 9.
LaTeX Font Info:    ... okay on input line 9.
LaTeX Font Info:    Checking defaults for C19/song/m/n on input line 9.
LaTeX Font Info:    ... okay on input line 9.
LaTeX Font Info:    Checking defaults for C40/song/m/n on input line 9.
LaTeX Font Info:    ... okay on input line 9.
LaTeX Font Info:    Checking defaults for C42/song/m/n on input line 9.
LaTeX Font Info:    ... okay on input line 9.
LaTeX Font Info:    Checking defaults for C43/song/m/n on input line 9.
LaTeX Font Info:    ... okay on input line 9.
LaTeX Font Info:    Checking defaults for C50/song/m/n on input line 9.
LaTeX Font Info:    ... okay on input line 9.
LaTeX Font Info:    Checking defaults for C52/song/m/n on input line 9.
LaTeX Font Info:    ... okay on input line 9.
LaTeX Font Info:    Checking defaults for C49/song/m/n on input line 9.
LaTeX Font Info:    ... okay on input line 9.
LaTeX Font Info:    Checking defaults for C60/mj/m/n on input line 9.
LaTeX Font Info:    ... okay on input line 9.
LaTeX Font Info:    Checking defaults for C61/mj/m/n on input line 9.
LaTeX Font Info:    ... okay on input line 9.
LaTeX Font Info:    Checking defaults for C63/mj/m/n on input line 9.
LaTeX Font Info:    ... okay on input line 9.
LaTeX Font Info:    Checking defaults for C64/mj/m/n on input line 9.
LaTeX Font Info:    ... okay on input line 9.
LaTeX Font Info:    Checking defaults for C65/mj/m/n on input line 9.
LaTeX Font Info:    ... okay on input line 9.
LaTeX Font Info:    Checking defaults for C70/song/m/n on input line 9.
LaTeX Font Info:    ... okay on input line 9.
LaTeX Font Info:    Checking defaults for C31/song/m/n on input line 9.
LaTeX Font Info:    ... okay on input line 9.
LaTeX Font Info:    Checking defaults for C32/song/m/n on input line 9.
LaTeX Font Info:    ... okay on input line 9.
LaTeX Font Info:    Checking defaults for C33/song/m/n on input line 9.
LaTeX Font Info:    ... okay on input line 9.
LaTeX Font Info:    Checking defaults for C34/song/m/n on input line 9.
LaTeX Font Info:    ... okay on input line 9.
LaTeX Font Info:    Checking defaults for C35/song/m/n on input line 9.
LaTeX Font Info:    ... okay on input line 9.
LaTeX Font Info:    Checking defaults for C36/song/m/n on input line 9.
LaTeX Font Info:    ... okay on input line 9.
LaTeX Font Info:    Checking defaults for C37/song/m/n on input line 9.
LaTeX Font Info:    ... okay on input line 9.
LaTeX Font Info:    Checking defaults for C80/song/m/n on input line 9.
LaTeX Font Info:    ... okay on input line 9.
LaTeX Font Info:    Checking defaults for C81/song/m/n on input line 9.
LaTeX Font Info:    ... okay on input line 9.
LaTeX Font Info:    Checking defaults for C01/song/m/n on input line 9.
LaTeX Font Info:    ... okay on input line 9.
LaTeX Font Info:    Checking defaults for C11/song/m/n on input line 9.
LaTeX Font Info:    ... okay on input line 9.
LaTeX Font Info:    Checking defaults for C21/song/m/n on input line 9.
LaTeX Font Info:    ... okay on input line 9.
LaTeX Font Info:    Checking defaults for C41/song/m/n on input line 9.
LaTeX Font Info:    ... okay on input line 9.
LaTeX Font Info:    Checking defaults for C62/song/m/n on input line 9.
LaTeX Font Info:    ... okay on input line 9.
LaTeX Font Info:    Try loading font information for OT1+ptm on input line 9.

("C:\Program Files (x86)\CTEX\MiKTeX\tex\latex\psnfss\ot1ptm.fd"
File: ot1ptm.fd 2001/06/04 font definitions for OT1/ptm.
)
\AtBeginShipoutBox=\box51


Package hyperref Warning: Height of page (\stockheight) is invalid (0.0pt),
(hyperref)                using 11in.

Package hyperref Info: Link coloring ON on input line 9.
("C:\Program Files (x86)\CTEX\MiKTeX\tex\latex\hyperref\nameref.sty"
Package: nameref 2010/04/30 v2.40 Cross-referencing by name of section

("C:\Program Files (x86)\CTEX\MiKTeX\tex\generic\oberdiek\gettitlestring.sty"
Package: gettitlestring 2010/12/03 v1.4 Cleanup title references (HO)
)
\c@section@level=\count215
LaTeX Info: Redefining \Ref on input line 498.
)
LaTeX Info: Redefining \ref on input line 9.
LaTeX Info: Redefining \pageref on input line 9.
LaTeX Info: Redefining \nameref on input line 9.
(C:\PhD_thesis_CH\180901001è–„æ°¸è¾‰.out)
(C:\PhD_thesis_CH\180901001è–„æ°¸è¾‰.out)
\@outlinefile=\write4
LaTeX Info: Redefining \Ref on input line 9.

*geometry* driver: auto-detecting
*geometry* detected driver: dvips
*geometry* verbose mode - [ preamble ] result:
* driver: dvips
* paper: a4paper
* layout: <same size as paper>
* layoutoffset:(h,v)=(0.0pt,0.0pt)
* modes: twoside 
* h-part:(L,W,R)=(73.97714pt, 412.56496pt, 110.96577pt)
* v-part:(T,H,B)=(99.01556pt, 597.50787pt, 148.5234pt)
* \paperwidth=597.50787pt
* \paperheight=845.04684pt
* \textwidth=412.56496pt
* \textheight=597.50787pt
* \oddsidemargin=1.70715pt
* \evensidemargin=38.69579pt
* \topmargin=-10.25443pt
* \headheight=12.0pt
* \headsep=25.0pt
* \topskip=12.0pt
* \footskip=30.0pt
* \marginparwidth=85.0pt
* \marginparsep=10.0pt
* \columnsep=10.0pt
* \skip\footins=10.8pt plus 4.0pt minus 2.0pt
* \hoffset=0.0pt
* \voffset=0.0pt
* \mag=1000
* \@twocolumnfalse
* \@twosidetrue
* \@mparswitchtrue
* \@reversemarginfalse
* (1in=72.27pt=25.4mm, 1cm=28.453pt)


Package layouts Warning: Layout scale set to 0.5 on input line 9.

ABD: EveryShipout initializing macros
("C:\Program Files (x86)\CTEX\MiKTeX\tex\latex\cjk\standard.bdg"
File: standard.bdg 2008/12/29 4.8.2
)
("C:\Program Files (x86)\CTEX\MiKTeX\tex\latex\cjk\extended.enc"
File: extended.enc 2008/12/29 4.8.2
)
("C:\Program Files (x86)\CTEX\MiKTeX\tex\latex\cjk\extended.chr"
File: extended.chr 2008/12/29 4.8.2
)
(C:\PhD_thesis_CH\Setup/Definition.tex
\c@figen=\count216
\cftbeforefigenskip=\skip111
\cftfigenindent=\skip112
\cftfigennumwidth=\skip113
\c@fendepth=\count217
\cftbeforefentitleskip=\skip114
\cftafterfentitleskip=\skip115
\c@definition=\count218
\c@proposition=\count219
\c@lemma=\count220
\c@theorem=\count221
\c@corollary=\count222
\c@remark=\count223
\c@problem=\count224
\c@example=\count225
 (C:\PhD_thesis_CH\Setup/gb_452.cpx
File: GB.cap 2003/05/18 4.5.2for Standard LaTeX document class
)
\CJKtwospaces=\skip116
LaTeX Font Info:    Try loading font information for C19+song on input line 172
.

("C:\Program Files (x86)\CTEX\CTeX\tex\latex\CJK\GB\c19song.fd"
File: c19song.fd 2009/09/23 4.8.2
)
\AphorismAuthor=\box52
\c@hitctr=\count226
\c@pubctr=\count227
)
(C:\PhD_thesis_CH\Body/Cover.tex
LaTeX Font Info:    Calculating math sizes for size <14> on input line 3.
LaTeX Font Info:    Try loading font information for U+rsfs on input line 3.

("C:\Program Files (x86)\CTEX\MiKTeX\tex\latex\jknappen\ursfs.fd"
File: ursfs.fd 1998/03/24 rsfs font definition file (jk)
)
File: Figs/zhp1.eps Graphic file (type eps)

<Figs/zhp1.eps>
LaTeX Font Info:    Try loading font information for C19+hei on input line 7.
 ("C:\Program Files (x86)\CTEX\CTeX\tex\latex\CJK\GB\c19hei.fd"
File: c19hei.fd 2009/09/23 4.8.2
)
File: Figs/zhp2.eps Graphic file (type eps)
<Figs/zhp2.eps> [1


]
LaTeX Font Info:    Calculating math sizes for size <18> on input line 54.


LaTeX Font Warning: Font shape `U/rsfs/m/n' in size <18> not available
(Font)              size <17.28> substituted on input line 54.


LaTeX Font Warning: Font shape `U/rsfs/m/n' in size <12.59995> not available
(Font)              size <12> substituted on input line 54.

[2]
LaTeX Font Info:    Font shape `OT1/ptm/bx/n' in size <22> not available
(Font)              Font shape `OT1/ptm/b/n' tried instead on input line 83.
) [3] (C:\PhD_thesis_CH\Body/AbstractinChinese.tex

Package hyperref Warning: Token not allowed in a PDF string (PDFDocEncoding):
(hyperref)                removing `\<def>-command' on input line 3.


Package hyperref Warning: Token not allowed in a PDF string (PDFDocEncoding):
(hyperref)                removing `\CJK@globalfamily' on input line 3.


Package hyperref Warning: Token not allowed in a PDF string (PDFDocEncoding):
(hyperref)                removing `\<def>-command' on input line 3.


Package hyperref Warning: Token not allowed in a PDF string (PDFDocEncoding):
(hyperref)                removing `\CJK@temp' on input line 3.


Package hyperref Warning: Token not allowed in a PDF string (PDFDocEncoding):
(hyperref)                removing `\<def>-command' on input line 3.


Package hyperref Warning: Token not allowed in a PDF string (PDFDocEncoding):
(hyperref)                removing `\CJK@family' on input line 3.

LaTeX Font Info:    Font shape `OT1/ptm/bx/n' in size <18> not available
(Font)              Font shape `OT1/ptm/b/n' tried instead on input line 3.
[1




]
LaTeX Font Info:    Calculating math sizes for size <12.1> on input line 20.


LaTeX Font Warning: Font shape `U/rsfs/m/n' in size <8.46996> not available
(Font)              size <8> substituted on input line 20.

) [2] (C:\PhD_thesis_CH\Body/AbstractinEnglish.tex

Package hyperref Warning: Token not allowed in a PDF string (PDFDocEncoding):
(hyperref)                removing `\<def>-command' on input line 3.


Package hyperref Warning: Token not allowed in a PDF string (PDFDocEncoding):
(hyperref)                removing `\CJK@globalfamily' on input line 3.


Package hyperref Warning: Token not allowed in a PDF string (PDFDocEncoding):
(hyperref)                removing `\<def>-command' on input line 3.


Package hyperref Warning: Token not allowed in a PDF string (PDFDocEncoding):
(hyperref)                removing `\CJK@temp' on input line 3.


Package hyperref Warning: Token not allowed in a PDF string (PDFDocEncoding):
(hyperref)                removing `\<def>-command' on input line 3.


Package hyperref Warning: Token not allowed in a PDF string (PDFDocEncoding):
(hyperref)                removing `\CJK@family' on input line 3.

LaTeX Font Info:    Font shape `OT1/ptm/bx/n' in size <9.5> not available
(Font)              Font shape `OT1/ptm/b/n' tried instead on input line 7.
[3



] [4] [5]
LaTeX Font Info:    Font shape `OT1/ptm/bx/n' in size <12.1> not available
(Font)              Font shape `OT1/ptm/b/n' tried instead on input line 37.
) [6] (C:\PhD_thesis_CH\180901001è–„æ°¸è¾‰.toc
LaTeX Font Info:    Try loading font information for C19+HEI on input line 35.

("C:\Program Files (x86)\CTEX\CTeX\tex\latex\CJK\GB\c19hei.fd"
File: c19hei.fd 2009/09/23 4.8.2
)

LaTeX Font Warning: Font shape `C19/HEI/m/n' undefined
(Font)              using `C19/song/m/n' instead on input line 35.

[7


] [8])
\tf@toc=\write5
 [9] (C:\PhD_thesis_CH\180901001è–„æ°¸è¾‰.toe
LaTeX Font Info:    Font shape `OT1/ptm/bx/n' in size <12> not available
(Font)              Font shape `OT1/ptm/b/n' tried instead on input line 1.
 [10

])
\tf@toe=\write6
 [11]
(C:\PhD_thesis_CH\Body/Introduction.tex

Package hyperref Warning: Token not allowed in a PDF string (PDFDocEncoding):
(hyperref)                removing `\<def>-command' on input line 3.


Package hyperref Warning: Token not allowed in a PDF string (PDFDocEncoding):
(hyperref)                removing `\CJK@globalfamily' on input line 3.


Package hyperref Warning: Token not allowed in a PDF string (PDFDocEncoding):
(hyperref)                removing `\<def>-command' on input line 3.


Package hyperref Warning: Token not allowed in a PDF string (PDFDocEncoding):
(hyperref)                removing `\CJK@temp' on input line 3.


Package hyperref Warning: Token not allowed in a PDF string (PDFDocEncoding):
(hyperref)                removing `\<def>-command' on input line 3.


Package hyperref Warning: Token not allowed in a PDF string (PDFDocEncoding):
(hyperref)                removing `\CJK@family' on input line 3.

[1



] [2] [3] [4]) [5] (C:\PhD_thesis_CH\Body/Chapter1.tex
µÚ{1}ÕÂ
LaTeX Font Info:    Font shape `OT1/ptm/bx/n' in size <15> not available
(Font)              Font shape `OT1/ptm/b/n' tried instead on input line 8.
LaTeX Font Info:    Try loading font information for OMS+ptm on input line 8.
("C:\Program Files (x86)\CTEX\MiKTeX\tex\latex\psnfss\omsptm.fd"
File: omsptm.fd 
)

LaTeX Font Warning: Font shape `OMS/ptm/bx/n' undefined
(Font)              using `OMS/ptm/m/n' instead
(Font)              for symbol `textsection' on input line 8.

LaTeX Font Info:    Font shape `OMS/ptm/m/n' in size <15> not available
(Font)              Font shape `OMS/cmsy/m/n' tried instead on input line 8.
[6



] [7] [8]
LaTeX Font Info:    Font shape `OMS/ptm/bx/n' in size <15> not available
(Font)              Font shape `OMS/cmsy/m/n' tried instead on input line 103.
LaTeX Font Info:    Font shape `OT1/ptm/bx/n' in size <14> not available
(Font)              Font shape `OT1/ptm/b/n' tried instead on input line 109.
LaTeX Font Info:    Font shape `OMS/ptm/bx/n' in size <14> not available
(Font)              Font shape `OMS/cmsy/m/n' tried instead on input line 109.
 [9] [10] [11] [12] [13] [14] [15] [16] [17] [18] [19] [20]
File: Figs/explicit_euler.eps Graphic file (type eps)

<Figs/explicit_euler.eps>
File: Figs/implicit_euler.eps Graphic file (type eps)
 <Figs/implicit_euler.eps>
File: Figs/sym_euler_1.eps Graphic file (type eps)
 <Figs/sym_euler_1.eps>
File: Figs/sym_euler_2.eps Graphic file (type eps)

<Figs/sym_euler_2.eps>
File: Figs/implicit_midpoint.eps Graphic file (type eps)
 <Figs/implicit_midpoint.eps>
File: Figs/SV.eps Graphic file (type eps)
 <Figs/SV.eps>
File: Figs/nonsym_energy_error.eps Graphic file (type eps)

<Figs/nonsym_energy_error.eps>
File: Figs/sym_energy_error.eps Graphic file (type eps)
 <Figs/sym_energy_error.eps>
File: Figs/nonsym_momentum_error.eps Graphic file (type eps)

<Figs/nonsym_momentum_error.eps>
File: Figs/sym_momentum_error.eps Graphic file (type eps)
 <Figs/sym_momentum_error.eps> [21] [22]
[23] [24] [25]
File: Figs/AVF_solu.eps Graphic file (type eps)
 <Figs/AVF_solu.eps>
File: Figs/EQUIP_solu.eps Graphic file (type eps)
 <Figs/EQUIP_solu.eps>
File: Figs/EQUIP_AVF_energy.eps Graphic file (type eps)

<Figs/EQUIP_AVF_energy.eps>
File: Figs/EQUIP_AVF_momentum.eps Graphic file (type eps)
 <Figs/EQUIP_AVF_momentum.eps>
File: Figs/EQUIP_lambda.eps Graphic file (type eps)

<Figs/EQUIP_lambda.eps>
File: Figs/EQUIP_iter.eps Graphic file (type eps)
 <Figs/EQUIP_iter.eps> [26]) [27]
(C:\PhD_thesis_CH\Body/Chapter2.tex
µÚ{2}ÕÂ
[28



] [29] [30] [31] [32] [33] [34] [35] [36] [37] [38] [39] [40] [41] [42]
[43] [44] [45] [46] [47] [48] [49] [50] [51]
LaTeX Font Info:    Font shape `OMS/ptm/m/n' in size <12.1> not available
(Font)              Font shape `OMS/cmsy/m/n' tried instead on input line 833.
File: Figs/1_bHH_sym_R.eps Graphic file (type eps)
 <Figs/1_bHH_sym_R.eps>
File: Figs/13_bHH_sym_R.eps Graphic file (type eps)

<Figs/13_bHH_sym_R.eps>
File: Figs/32_bHH_sym_R.eps Graphic file (type eps)
 <Figs/32_bHH_sym_R.eps>
File: Figs/2_bHH_sym_R.eps Graphic file (type eps)
 <Figs/2_bHH_sym_R.eps>
File: Figs/bHH_sym_HE.eps Graphic file (type eps)

<Figs/bHH_sym_HE.eps> [52]
File: Figs/1_cHH_sym_R.eps Graphic file (type eps)
 <Figs/1_cHH_sym_R.eps>
File: Figs/13_cHH_sym_R.eps Graphic file (type eps)
 <Figs/13_cHH_sym_R.eps>
File: Figs/32_cHH_sym_R.eps Graphic file (type eps)

<Figs/32_cHH_sym_R.eps>
File: Figs/2_cHH_sym_R.eps Graphic file (type eps)
 <Figs/2_cHH_sym_R.eps>
File: Figs/cHH_sym_HE.eps Graphic file (type eps)
 <Figs/cHH_sym_HE.eps> [53]
File: Figs/bHH_K2_sym_HE.eps Graphic file (type eps)

<Figs/bHH_K2_sym_HE.eps>
File: Figs/cHH_K2_sym_HE.eps Graphic file (type eps)
 <Figs/cHH_K2_sym_HE.eps>
File: Figs/bHH2_sym_HE.eps Graphic file (type eps)
 <Figs/bHH2_sym_HE.eps>
File: Figs/cHH2_sym_HE.eps Graphic file (type eps)

<Figs/cHH2_sym_HE.eps>
File: Figs/bHH_PRK_sym_HE.eps Graphic file (type eps)
 <Figs/bHH_PRK_sym_HE.eps>
File: Figs/cHH_PRK_sym_HE.eps Graphic file (type eps)
 <Figs/cHH_PRK_sym_HE.eps>
[54]
Overfull \hbox (3.4557pt too wide) in alignment at lines 915--915
[][][][][][][][][][] 
 []

[55]
Overfull \hbox (0.54462pt too wide) in alignment at lines 929--929
[][][][][][][] 
 []

[56]
File: Figs/Kepler_sym_HE.eps Graphic file (type eps)
 <Figs/Kepler_sym_HE.eps>
File: Figs/Kepler_sym_LE.eps Graphic file (type eps)
 <Figs/Kepler_sym_LE.eps>
File: Figs/1_perKepler_sym_R.eps Graphic file (type eps)

<Figs/1_perKepler_sym_R.eps>
File: Figs/13_perKepler_sym_R.eps Graphic file (type eps)
 <Figs/13_perKepler_sym_R.eps>
File: Figs/32_perKepler_sym_R.eps Graphic file (type eps)

<Figs/32_perKepler_sym_R.eps>
File: Figs/2_perKepler_sym_R.eps Graphic file (type eps)
 <Figs/2_perKepler_sym_R.eps>
File: Figs/perKepler_sym_HE.eps Graphic file (type eps)

<Figs/perKepler_sym_HE.eps>
File: Figs/perKepler_sym_LE.eps Graphic file (type eps)
 <Figs/perKepler_sym_LE.eps> [57]
File: Figs/Kepler2_sym_HE.eps Graphic file (type eps)

<Figs/Kepler2_sym_HE.eps>
File: Figs/Kepler2_sym_LE.eps Graphic file (type eps)
 <Figs/Kepler2_sym_LE.eps>
File: Figs/Kepler_PRK_sym_HE.eps Graphic file (type eps)

<Figs/Kepler_PRK_sym_HE.eps>
File: Figs/Kepler_PRK_sym_LE.eps Graphic file (type eps)
 <Figs/Kepler_PRK_sym_LE.eps> [58]
File: Figs/perKepler2_sym_HE.eps Graphic file (type eps)

<Figs/perKepler2_sym_HE.eps>
File: Figs/perKepler2_sym_LE.eps Graphic file (type eps)
 <Figs/perKepler2_sym_LE.eps>
File: Figs/perKepler_PRK_sym_HE.eps Graphic file (type eps)

<Figs/perKepler_PRK_sym_HE.eps>
File: Figs/perKepler_PRK_sym_LE.eps Graphic file (type eps)
 <Figs/perKepler_PRK_sym_LE.eps> [59] [60]
File: Figs/CRS_solu_0_sym.eps Graphic file (type eps)

<Figs/CRS_solu_0_sym.eps>
File: Figs/CRS_solu_1_sym.eps Graphic file (type eps)
 <Figs/CRS_solu_1_sym.eps>
File: Figs/CRS_solu_2_sym.eps Graphic file (type eps)
 <Figs/CRS_solu_2_sym.eps>
File: Figs/CRS_solu_3_sym.eps Graphic file (type eps)

<Figs/CRS_solu_3_sym.eps>
File: Figs/CRS_solu_4_sym.eps Graphic file (type eps)
 <Figs/CRS_solu_4_sym.eps>
File: Figs/CRS_solu_5_sym.eps Graphic file (type eps)
 <Figs/CRS_solu_5_sym.eps>
[61]
File: Figs/CCS_solu_0_sym.eps Graphic file (type eps)
 <Figs/CCS_solu_0_sym.eps>
File: Figs/CCS_solu_1_sym.eps Graphic file (type eps)
 <Figs/CCS_solu_1_sym.eps>
File: Figs/CCS_solu_2_sym.eps Graphic file (type eps)

<Figs/CCS_solu_2_sym.eps>
File: Figs/CCS_solu_3_sym.eps Graphic file (type eps)
 <Figs/CCS_solu_3_sym.eps>
File: Figs/CCS_solu_4_sym.eps Graphic file (type eps)
 <Figs/CCS_solu_4_sym.eps>
[62]
Overfull \vbox (10.30035pt too high) has occurred while \output is active []


[63]
File: Figs/CRS_sym_HE.eps Graphic file (type eps)
 <Figs/CRS_sym_HE.eps>
File: Figs/CCS_sym_HE.eps Graphic file (type eps)
 <Figs/CCS_sym_HE.eps>) [64]
(C:\PhD_thesis_CH\Body/Chapter3.tex
µÚ{3}ÕÂ
[65



] [66] [67] [68] [69]
File: Figs/AVF_bHH_R.eps Graphic file (type eps)
 <Figs/AVF_bHH_R.eps>
File: Figs/bHH_R.eps Graphic file (type eps)
 <Figs/bHH_R.eps>
File: Figs/bHH2_R.eps Graphic file (type eps)

<Figs/bHH2_R.eps>
File: Figs/bHH_EPS_HE.eps Graphic file (type eps)
 <Figs/bHH_EPS_HE.eps> [70]
File: Figs/bHH_par.eps Graphic file (type eps)
 <Figs/bHH_par.eps>
File: Figs/bHH_Iter.eps Graphic file (type eps)

<Figs/bHH_Iter.eps>
File: Figs/cHH_EPS_HE.eps Graphic file (type eps)
 <Figs/cHH_EPS_HE.eps>
File: Figs/AVF_cHH_R.eps Graphic file (type eps)
 <Figs/AVF_cHH_R.eps>
File: Figs/cHH_R.eps Graphic file (type eps)

<Figs/cHH_R.eps>
File: Figs/cHH2_R.eps Graphic file (type eps)
 <Figs/cHH2_R.eps> [71]
File: Figs/cHH_par.eps Graphic file (type eps)
 <Figs/cHH_par.eps>
File: Figs/cHH_Iter.eps Graphic file (type eps)
 <Figs/cHH_Iter.eps>
Overfull \hbox (0.54462pt too wide) in alignment at lines 218--218
[][][][][][][] 
 []

[72]
File: Figs/kepler_EPS_HE.eps Graphic file (type eps)
 <Figs/kepler_EPS_HE.eps>
File: Figs/kepler_EPS_LE.eps Graphic file (type eps)
 <Figs/kepler_EPS_LE.eps>
File: Figs/kepler_EPS_par.eps Graphic file (type eps)

<Figs/kepler_EPS_par.eps>
File: Figs/kepler_EPS_Iter.eps Graphic file (type eps)
 <Figs/kepler_EPS_Iter.eps> [73]
File: Figs/perkepler_AVF_R.eps Graphic file (type eps)

<Figs/perkepler_AVF_R.eps>
File: Figs/perkepler_EPS_R.eps Graphic file (type eps)
 <Figs/perkepler_EPS_R.eps>
File: Figs/perkepler2_EPS_R.eps Graphic file (type eps)

<Figs/perkepler2_EPS_R.eps>
File: Figs/perkepler_EPS_HE.eps Graphic file (type eps)
 <Figs/perkepler_EPS_HE.eps>
File: Figs/perkepler_EPS_LE.eps Graphic file (type eps)

<Figs/perkepler_EPS_LE.eps> [74]
File: Figs/perkepler_EPS_par.eps Graphic file (type eps)
 <Figs/perkepler_EPS_par.eps>
File: Figs/perkepler_EPS_Iter.eps Graphic file (type eps)

<Figs/perkepler_EPS_Iter.eps>
File: Figs/CRS_solu_E0.eps Graphic file (type eps)
 <Figs/CRS_solu_E0.eps>
File: Figs/CRS_solu_E1.eps Graphic file (type eps)
 <Figs/CRS_solu_E1.eps>
File: Figs/CRS_solu_E2.eps Graphic file (type eps)

<Figs/CRS_solu_E2.eps>
File: Figs/CRS_solu_E3.eps Graphic file (type eps)
 <Figs/CRS_solu_E3.eps>
File: Figs/CRS_solu_E4.eps Graphic file (type eps)
 <Figs/CRS_solu_E4.eps>
File: Figs/CRS_solu_E5.eps Graphic file (type eps)

<Figs/CRS_solu_E5.eps> [75]
File: Figs/CCS_solu_E0.eps Graphic file (type eps)
 <Figs/CCS_solu_E0.eps>
File: Figs/CCS_solu_E1.eps Graphic file (type eps)
 <Figs/CCS_solu_E1.eps>
File: Figs/CCS_solu_E2.eps Graphic file (type eps)

<Figs/CCS_solu_E2.eps>
File: Figs/CCS_solu_E3.eps Graphic file (type eps)
 <Figs/CCS_solu_E3.eps>
File: Figs/CCS_solu_E4.eps Graphic file (type eps)
 <Figs/CCS_solu_E4.eps> [76]
File: Figs/CRS_EPS_HE.eps Graphic file (type eps)

<Figs/CRS_EPS_HE.eps>
File: Figs/CCS_EPS_HE.eps Graphic file (type eps)
 <Figs/CCS_EPS_HE.eps>
File: Figs/CRS_EPS_par.eps Graphic file (type eps)
 <Figs/CRS_EPS_par.eps>
File: Figs/CRS_EPS_Iter.eps Graphic file (type eps)

<Figs/CRS_EPS_Iter.eps>
File: Figs/CCS_EPS_par.eps Graphic file (type eps)
 <Figs/CCS_EPS_par.eps>
File: Figs/CCS_EPS_Iter.eps Graphic file (type eps)
 <Figs/CCS_EPS_Iter.eps> [77])
[78] [79] (C:\PhD_thesis_CH\Body/Chapter4.tex
µÚ{4}ÕÂ
[80



] [81] [82] [83] [84] [85] [86]
Overfull \hbox (6.91106pt too wide) in alignment at lines 226--226
[][][][][] 
 []

[87] [88] [89] [90] [91] [92] [93] [94] [95] [96]
Overfull \hbox (2.84157pt too wide) in alignment at lines 511--511
[][][][][][][] 
 []


Underfull \hbox (badness 10000) in alignment at lines 532--532
[][][][][][][] 
 []

File: Figs/NLS_AE_solu_L2_error.eps Graphic file (type eps)
<Figs/NLS_AE_solu_L2_error.eps>
File: Figs/NLS_AE_solu_Linf_error.eps Graphic file (type eps)
 <Figs/NLS_AE_solu_Linf_error.eps>
File: Figs/NLS_AE_energy_error.eps Graphic file (type eps)

<Figs/NLS_AE_energy_error.eps> [97]
File: Figs/NLS_AE_L2_effic.eps Graphic file (type eps)
 <Figs/NLS_AE_L2_effic.eps>
File: Figs/NLS_AE_Linf_effic.eps Graphic file (type eps)

<Figs/NLS_AE_Linf_effic.eps>
Overfull \hbox (14.3611pt too wide) in alignment at lines 567--567
[][][][][][] 
 []

[98]
File: Figs/NLS_AE_L2_order.eps Graphic file (type eps)
 <Figs/NLS_AE_L2_order.eps>
File: Figs/NLS_AE_Linf_order.eps Graphic file (type eps)
 <Figs/NLS_AE_Linf_order.eps>
File: Figs/NLS_AE_L2_pc_order.eps Graphic file (type eps)

<Figs/NLS_AE_L2_pc_order.eps>
File: Figs/NLS_AE_Linf_pc_order.eps Graphic file (type eps)
 <Figs/NLS_AE_Linf_pc_order.eps> [99]
File: Figs/NLS_energy_SAV_CN.eps Graphic file (type eps)

<Figs/NLS_energy_SAV_CN.eps>
File: Figs/NLS_energy.eps Graphic file (type eps)
 <Figs/NLS_energy.eps>
File: Figs/NLS_Init_Con.eps Graphic file (type eps)
 <Figs/NLS_Init_Con.eps>
File: Figs/NLS_Init_contour.eps Graphic file (type eps)

<Figs/NLS_Init_contour.eps>
File: Figs/NLS_Solu_SAV_CN.eps Graphic file (type eps)
 <Figs/NLS_Solu_SAV_CN.eps>
File: Figs/NLS_SAV_CN_contour.eps Graphic file (type eps)

<Figs/NLS_SAV_CN_contour.eps>
File: Figs/NLS_Solu_ESAV_CN.eps Graphic file (type eps)
 <Figs/NLS_Solu_ESAV_CN.eps>
File: Figs/NLS_ESAV_CN_contour.eps Graphic file (type eps)

<Figs/NLS_ESAV_CN_contour.eps> [100]
Overfull \vbox (12.45837pt too high) has occurred while \output is active []


[101]
File: Figs/CRS_solu_0_ESAV_CN.eps Graphic file (type eps)
 <Figs/CRS_solu_0_ESAV_CN.eps>
File: Figs/CRS_solu_1_ESAV_CN.eps Graphic file (type eps)
 <Figs/CRS_solu_1_ESAV_CN.eps>
File: Figs/CRS_solu_2_ESAV_CN.eps Graphic file (type eps)

<Figs/CRS_solu_2_ESAV_CN.eps>
File: Figs/CRS_solu_3_ESAV_CN.eps Graphic file (type eps)
 <Figs/CRS_solu_3_ESAV_CN.eps>
File: Figs/CRS_solu_4_ESAV_CN.eps Graphic file (type eps)

<Figs/CRS_solu_4_ESAV_CN.eps>
File: Figs/CRS_solu_5_ESAV_CN.eps Graphic file (type eps)
 <Figs/CRS_solu_5_ESAV_CN.eps> [102]
Overfull \vbox (10.74672pt too high) has occurred while \output is active []


[103]
File: Figs/CCS_solu_0_ESAV_CN.eps Graphic file (type eps)
 <Figs/CCS_solu_0_ESAV_CN.eps>
File: Figs/CCS_solu_1_ESAV_CN.eps Graphic file (type eps)
 <Figs/CCS_solu_1_ESAV_CN.eps>
File: Figs/CCS_solu_2_ESAV_CN.eps Graphic file (type eps)

<Figs/CCS_solu_2_ESAV_CN.eps>
File: Figs/CCS_solu_3_ESAV_CN.eps Graphic file (type eps)
 <Figs/CCS_solu_3_ESAV_CN.eps>
File: Figs/CCS_solu_4_ESAV_CN.eps Graphic file (type eps)

<Figs/CCS_solu_4_ESAV_CN.eps>
Overfull \vbox (12.45837pt too high) has occurred while \output is active []


[104]
File: Figs/CRS_energy.eps Graphic file (type eps)
 <Figs/CRS_energy.eps>
File: Figs/CCS_energy.eps Graphic file (type eps)
 <Figs/CCS_energy.eps> [105]
File: Figs/KDV_OS_ESAV_CN.eps Graphic file (type eps)

<Figs/KDV_OS_ESAV_CN.eps>
File: Figs/KDV_OS_ESAV_CN_time.eps Graphic file (type eps)
 <Figs/KDV_OS_ESAV_CN_time.eps>
File: Figs/KDV_TS_ESAV_CN_1.eps Graphic file (type eps)

<Figs/KDV_TS_ESAV_CN_1.eps>
File: Figs/KDV_TS_ESAV_CN_time1.eps Graphic file (type eps)
 <Figs/KDV_TS_ESAV_CN_time1.eps>
File: Figs/KDV_TS_ESAV_CN_2.eps Graphic file (type eps)

<Figs/KDV_TS_ESAV_CN_2.eps>
File: Figs/KDV_TS_ESAV_CN_time2.eps Graphic file (type eps)
 <Figs/KDV_TS_ESAV_CN_time2.eps>
File: Figs/KDV_TS_ESAV_CN_3.eps Graphic file (type eps)

<Figs/KDV_TS_ESAV_CN_3.eps>
File: Figs/KDV_TS_ESAV_CN_time3.eps Graphic file (type eps)
 <Figs/KDV_TS_ESAV_CN_time3.eps> [106]
Overfull \vbox (10.74672pt too high) has occurred while \output is active []


[107]
File: Figs/KDV_OS_energy.eps Graphic file (type eps)
 <Figs/KDV_OS_energy.eps>
File: Figs/KDV_TS_energy.eps Graphic file (type eps)
 <Figs/KDV_TS_energy.eps>) [108]
(C:\PhD_thesis_CH\Body/Chapter5.tex
µÚ{5}ÕÂ
[109



]) [110] (C:\PhD_thesis_CH\Body/Bibliography.tex

Package hyperref Warning: Token not allowed in a PDF string (PDFDocEncoding):
(hyperref)                removing `\<def>-command' on input line 2.


Package hyperref Warning: Token not allowed in a PDF string (PDFDocEncoding):
(hyperref)                removing `\CJK@globalfamily' on input line 2.


Package hyperref Warning: Token not allowed in a PDF string (PDFDocEncoding):
(hyperref)                removing `\<def>-command' on input line 2.


Package hyperref Warning: Token not allowed in a PDF string (PDFDocEncoding):
(hyperref)                removing `\CJK@temp' on input line 2.


Package hyperref Warning: Token not allowed in a PDF string (PDFDocEncoding):
(hyperref)                removing `\<def>-command' on input line 2.


Package hyperref Warning: Token not allowed in a PDF string (PDFDocEncoding):
(hyperref)                removing `\CJK@family' on input line 2.

[111



] [112] [113] [114] [115] [116] [117] [118] [119]) [120]
(C:\PhD_thesis_CH\Body/Publications.tex

Package hyperref Warning: Token not allowed in a PDF string (PDFDocEncoding):
(hyperref)                removing `\<def>-command' on input line 2.


Package hyperref Warning: Token not allowed in a PDF string (PDFDocEncoding):
(hyperref)                removing `\CJK@globalfamily' on input line 2.


Package hyperref Warning: Token not allowed in a PDF string (PDFDocEncoding):
(hyperref)                removing `\<def>-command' on input line 2.


Package hyperref Warning: Token not allowed in a PDF string (PDFDocEncoding):
(hyperref)                removing `\CJK@temp' on input line 2.


Package hyperref Warning: Token not allowed in a PDF string (PDFDocEncoding):
(hyperref)                removing `\<def>-command' on input line 2.


Package hyperref Warning: Token not allowed in a PDF string (PDFDocEncoding):
(hyperref)                removing `\CJK@family' on input line 2.

) [121



] (C:\PhD_thesis_CH\Body/Acknowledgements.tex

Package hyperref Warning: Token not allowed in a PDF string (PDFDocEncoding):
(hyperref)                removing `\<def>-command' on input line 3.


Package hyperref Warning: Token not allowed in a PDF string (PDFDocEncoding):
(hyperref)                removing `\CJK@globalfamily' on input line 3.


Package hyperref Warning: Token not allowed in a PDF string (PDFDocEncoding):
(hyperref)                removing `\<def>-command' on input line 3.


Package hyperref Warning: Token not allowed in a PDF string (PDFDocEncoding):
(hyperref)                removing `\CJK@temp' on input line 3.


Package hyperref Warning: Token not allowed in a PDF string (PDFDocEncoding):
(hyperref)                removing `\<def>-command' on input line 3.


Package hyperref Warning: Token not allowed in a PDF string (PDFDocEncoding):
(hyperref)                removing `\CJK@family' on input line 3.

) [122



]
Package atveryend Info: Empty hook `BeforeClearDocument' on input line 76.
Package atveryend Info: Empty hook `AfterLastShipout' on input line 76.
 (C:\PhD_thesis_CH\180901001è–„æ°¸è¾‰.aux
(C:\PhD_thesis_CH\Body/Cover.aux) (C:\PhD_thesis_CH\Body/AbstractinChinese.aux)
(C:\PhD_thesis_CH\Body/AbstractinEnglish.aux)
(C:\PhD_thesis_CH\Body/Introduction.aux) (C:\PhD_thesis_CH\Body/Chapter1.aux)
(C:\PhD_thesis_CH\Body/Chapter2.aux) (C:\PhD_thesis_CH\Body/Chapter3.aux)
(C:\PhD_thesis_CH\Body/Chapter4.aux) (C:\PhD_thesis_CH\Body/Chapter5.aux)
(C:\PhD_thesis_CH\Body/Bibliography.aux)
(C:\PhD_thesis_CH\Body/Publications.aux)
(C:\PhD_thesis_CH\Body/Acknowledgements.aux))
Package atveryend Info: Empty hook `AtVeryEndDocument' on input line 76.
Package atveryend Info: Executing hook `AtEndAfterFileList' on input line 76.
Package rerunfilecheck Info: File `180901001è–„æ°¸è¾‰.out' has not changed.
(rerunfilecheck)             Checksum: 792B6650E27F2A03C00F8B8D36DED415;3797.


LaTeX Font Warning: Size substitutions with differences
(Font)              up to 0.72pt have occurred.


LaTeX Font Warning: Some font shapes were not available, defaults substituted.


LaTeX Warning: Label(s) may have changed. Rerun to get cross-references right.

 ) 
Here is how much of TeX's memory you used:
 21434 strings out of 495355
 363400 string characters out of 3182763
 466622 words of memory out of 3000000
 23853 multiletter control sequences out of 15000+200000
 137544 words of font info for 464 fonts, out of 3000000 for 9000
 14 hyphenation exceptions out of 8191
 56i,19n,55p,1705b,2023s stack positions out of 5000i,500n,10000p,200000b,50000s

Output written on 180901001è–„æ°¸è¾‰.dvi (136 pages, 896848 bytes).
